<?xml version="1.0" encoding="UTF-8"?>
<!-- Generated by org.testng.reporters.JUnitReportReporter -->
<testsuite hostname="DESKTOP-41G76H2" failures="0" tests="2" name="com.qa.testcases.GetTestClass" time="1.452" errors="0" timestamp="02 Mar 2019 12:10:43 GMT" skipped="0">
  <testcase classname="com.qa.testcases.GetTestClass" name="getAPIWithHeaders" time="1.156"/>
  <testcase classname="com.qa.testcases.GetTestClass" name="testGetCall" time="0.296"/>
</testsuite> <!-- com.qa.testcases.GetTestClass -->
